2018.11.19 19:21:50
Имя: значение не указано
Телефон: 103
Адрес страницы: http://lp2.local/

2018.11.19 19:22:25
Имя: test
Телефон: 103
Адрес страницы: http://lp2.local/

2018.11.19 19:28:44
Имя: test
Телефон: 103
Адрес страницы: http://lp2.local/

2018.11.19 19:30:47
Имя: test4
Телефон: 103
Дополнительная информация: Услуга 4
Адрес страницы: http://lp2.local/

2018.11.19 19:36:56
Имя: значение не указано
Телефон: 103
Почта: значение не указано
Сообщение: значение не указано
Адрес страницы: http://lp2.local/

2018.11.19 19:43:42
Имя: значение не указано
Телефон2: 103
Почта: значение не указано
Сообщение: значение не указано
Адрес страницы: http://lp2.local/

2018.11.19 19:48:02
Имя: значение не указано
Телефон: 103
Почта: asdasdasd@we.by
Сообщение: значение не указано
Адрес страницы: http://lp2.local/

2018.11.19 20:43:08
Имя: значение не указано
Телефон: 130
Почта: значение не указано
Сообщение: значение не указано
Адрес страницы: http://lp2.local/

2018.11.19 20:43:16
Имя: значение не указано
Телефон: 103
Дополнительная информация: Услуга 3
Адрес страницы: http://lp2.local/

2018.12.05 20:10:17
Имя: значение не указано
Телефон: 103
Почта: значение не указано
Сообщение: значение не указано
Адрес страницы: http://lp2.local/prices

2018.12.17 16:07:17
Имя: значение не указано
Телефон: 103
Почта: значение не указано
Сообщение: значение не указано
Адрес страницы: http://lp.local/prices

